<?xml version="1.0" encoding="UTF-8"?>
<!-- Generated by org.testng.reporters.JUnitReportReporter -->
<testsuite hostname="LAPTOP-CNMUPG7I" name="exemple.TestHandle" tests="1" failures="0" timestamp="3 Jun 2019 18:02:25 GMT" time="2.490" errors="0">
  <testcase name="testHandle" time="2.490" classname="exemple.TestHandle"/>
</testsuite> <!-- exemple.TestHandle -->
