<?xml version="1.0" encoding="UTF-8"?>
<!-- Generated by org.testng.reporters.JUnitReportReporter -->
<testsuite hostname="LAPTOP-CNMUPG7I" name="exemple.TestAction" tests="1" failures="0" timestamp="3 Jun 2019 18:02:25 GMT" time="0.326" errors="0">
  <testcase name="actionAlert" time="0.326" classname="exemple.TestAction"/>
</testsuite> <!-- exemple.TestAction -->
