<?xml version="1.0" encoding="UTF-8"?>
<!-- Generated by org.testng.reporters.JUnitReportReporter -->
<testsuite hostname="LAPTOP-CNMUPG7I" name="co.test.ApplicationTest" tests="3" failures="0" timestamp="3 Jun 2019 20:35:01 GMT" time="0.008" errors="0">
  <testcase name="doPasswordChangeTest" time="0.001" classname="co.test.ApplicationTest"/>
  <testcase name="doLoginTest" time="0.001" classname="co.test.ApplicationTest"/>
  <testcase name="dologinTest" time="0.006" classname="co.test.ApplicationTest"/>
</testsuite> <!-- co.test.ApplicationTest -->
